<?xml version="1.0" encoding="UTF-8"?>
<!-- Generated by org.testng.reporters.JUnitReportReporter -->
<testsuite hostname="WIN106401" failures="0" tests="1" name="testRunner.CukeRunner" time="74.138" errors="0" timestamp="18 Jul 2019 09:59:13 GMT" skipped="0">
  <testcase classname="testRunner.CukeRunner" name="feature" time="74.138"/>
</testsuite> <!-- testRunner.CukeRunner -->
