<?xml version="1.0" encoding="UTF-8"?>
<!-- Generated by org.testng.reporters.JUnitReportReporter -->
<testsuite hostname="WIN106401" failures="0" tests="4" name="testRunner.CukeRunner" time="0.288" errors="0" timestamp="18 Jul 2019 10:34:37 GMT" skipped="0">
  <testcase classname="testRunner.CukeRunner" name="feature" time="0.031"/>
  <testcase classname="testRunner.CukeRunner" name="feature" time="0.116"/>
  <testcase classname="testRunner.CukeRunner" name="feature" time="0.047"/>
  <testcase classname="testRunner.CukeRunner" name="feature" time="0.094"/>
</testsuite> <!-- testRunner.CukeRunner -->
